build/app/outputs/mapping/release/seeds.txt
com.abw4v.random_app_flutter.random_app.MainActivity
com.abw4v.random_app_flutter.random_app.MainActivity: MainActivity()
...
androidx.window.embedding.EmbeddingAdapter: java.util.function.Predicate translateIntentPredicates(java.util.Set)
io.flutter.embedding.engine.systemchannels.TextInputChannel$TextInputType: io.flutter.embedding.engine.systemchannels.TextInputChannel$TextInputType[] values()
io.flutter.embedding.engine.renderer.FlutterRenderer$DisplayFeatureType: io.flutter.embedding.engine.renderer.FlutterRenderer$DisplayFeatureType valueOf(java.lang.String)
androidx.window.embedding.SplitPairRule: boolean getFinishSecondaryWithPrimary()
io.flutter.embedding.engine.FlutterJNI: void setAccessibilityFeatures(int)
androidx.window.layout.SidecarAdapter$Companion: void setSidecarDevicePosture(androidx.window.sidecar.SidecarDeviceState,int)
androidx.window.layout.SidecarWindowBackend$WindowLayoutChangeCallbackWrapper: void accept(androidx.window.layout.WindowLayoutInfo)
io.flutter.embedding.engine.FlutterJNI: void dispatchSemanticsAction(int,io.flutter.view.AccessibilityBridge$Action,java.lang.Object)
androidx.window.layout.SidecarAdapter: androidx.window.layout.WindowLayoutInfo translate(androidx.window.sidecar.SidecarWindowLayoutInfo,androidx.window.sidecar.SidecarDeviceState)
androidx.window.core.Version: java.lang.String getDescription()
kotlin.jvm.internal.FunctionReference: FunctionReference(int,java.lang.Object)
io.flutter.plugin.editing.ImeSyncDeferringInsetsCallback: boolean access$200(io.flutter.plugin.editing.ImeSyncDeferringInsetsCallback)
androidx.window.layout.WindowMetricsCalculator$Companion$decorator$1: WindowMetricsCalculator$Companion$decorator$1()
androidx.window.R$styleable: R$styleable()
androidx.window.layout.ExtensionWindowLayoutInfoBackend$MulticastConsumer: ExtensionWindowLayoutInfoBackend$MulticastConsumer(android.app.Activity)
androidx.window.layout.HardwareFoldingFeature$Type: HardwareFoldingFeature$Type(java.lang.String)
androidx.window.core.Bounds: int hashCode()
androidx.window.layout.WindowInfoTracker: kotlinx.coroutines.flow.Flow windowLayoutInfo(android.app.Activity)
kotlinx.coroutines.android.AndroidExceptionPreHandler: AndroidExceptionPreHandler()
io.flutter.embedding.android.KeyData$Type: io.flutter.embedding.android.KeyData$Type[] values()
androidx.window.layout.WindowMetricsCalculator$Companion$overrideDecorator$1: androidx.window.layout.WindowMetricsCalculator invoke(androidx.window.layout.WindowMetricsCalculator)
kotlin.coroutines.jvm.internal.BaseContinuationImpl: java.lang.StackTraceElement getStackTraceElement()
androidx.window.embedding.EmbeddingTranslatingCallback: void accept(java.lang.Object)
androidx.window.embedding.SplitPairFilter: int hashCode()
androidx.window.core.Bounds: int getBottom()
kotlin.jvm.internal.CallableReference: boolean isSuspend()
io.flutter.embedding.engine.FlutterJNI: void nativeImageHeaderCallback(long,int,int)
androidx.window.layout.FoldingFeature$State: FoldingFeature$State(java.lang.String)
kotlin.coroutines.jvm.internal.BaseContinuationImpl: void resumeWith(java.lang.Object)
io.flutter.embedding.engine.FlutterJNI: void cleanupMessageData(long)
androidx.window.embedding.SplitRule$Api30Impl: SplitRule$Api30Impl()
androidx.window.layout.SidecarAdapter$Companion: SidecarAdapter$Companion()
io.flutter.embedding.engine.mutatorsstack.FlutterMutatorsStack: java.util.List getFinalClippingPaths()
androidx.window.core.Version$Companion: androidx.window.core.Version getVERSION_1_0()
androidx.window.layout.ExtensionInterfaceCompat: void setExtensionCallback(androidx.window.layout.ExtensionInterfaceCompat$ExtensionCallbackInterface)
io.flutter.embedding.engine.FlutterJNI: android.graphics.Bitmap getBitmap()
androidx.window.layout.SidecarWindowBackend$WindowLayoutChangeCallbackWrapper: SidecarWindowBackend$WindowLayoutChangeCallbackWrapper(android.app.Activity,java.util.concurrent.Executor,androidx.core.util.Consumer)
androidx.window.layout.FoldingFeature$OcclusionType$Companion: FoldingFeature$OcclusionType$Companion()