build/app/outputs/mapping/release/mapping.txt
# compiler: R8
# compiler_version: 3.1.66
# min_api: 16
# pg_map_id: c0a246e
# common_typos_disable
# {"id":"com.android.tools.r8.mapping","version":"1.0"}
...
androidx.activity.ImmLeaksCleaner -> androidx.activity.ImmLeaksCleaner:
    java.lang.reflect.Field sServedViewField -> d
    java.lang.reflect.Field sNextServedViewField -> e
    java.lang.reflect.Field sHField -> c
    android.app.Activity mActivity -> a
    int sReflectedFieldsInitialized -> b
    void onStateChanged(androidx.lifecycle.LifecycleOwner,androidx.lifecycle.Lifecycle$Event) -> g
    void initializeReflectiveFields() -> h
androidx.activity.OnBackPressedDispatcher$LifecycleOnBackPressedCancellable -> androidx.activity.OnBackPressedDispatcher$LifecycleOnBackPressedCancellable:
    androidx.lifecycle.Lifecycle mLifecycle -> a
    androidx.activity.Cancellable mCurrentCancellable -> b
    void onStateChanged(androidx.lifecycle.LifecycleOwner,androidx.lifecycle.Lifecycle$Event) -> g
androidx.activity.OnBackPressedDispatcherOwner -> androidx.activity.b:
    androidx.activity.OnBackPressedDispatcher getOnBackPressedDispatcher() -> j
androidx.arch.core.executor.ArchTaskExecutor -> a.a:
    androidx.arch.core.executor.ArchTaskExecutor sInstance -> c
    java.util.concurrent.Executor sMainThreadExecutor -> d
    java.util.concurrent.Executor sIOThreadExecutor -> e
    androidx.arch.core.executor.TaskExecutor mDefaultTaskExecutor -> b
    androidx.arch.core.executor.TaskExecutor mDelegate -> a
    void executeOnDiskIO(java.lang.Runnable) -> a
    boolean isMainThread() -> b
    void postToMainThread(java.lang.Runnable) -> c
    androidx.arch.core.executor.ArchTaskExecutor getInstance() -> d
androidx.arch.core.executor.ArchTaskExecutor$1 -> a.a$a:
androidx.arch.core.executor.ArchTaskExecutor$2 -> a.a$b:
androidx.arch.core.executor.DefaultTaskExecutor -> a.b:
    android.os.Handler mMainHandler -> c
    java.lang.Object mLock -> a
    java.util.concurrent.ExecutorService mDiskIO -> b
    void executeOnDiskIO(java.lang.Runnable) -> a
    boolean isMainThread() -> b
    void postToMainThread(java.lang.Runnable) -> c
    android.os.Handler createAsync(android.os.Looper) -> d
androidx.arch.core.executor.DefaultTaskExecutor$1 -> a.b$a:
    java.util.concurrent.atomic.AtomicInteger mThreadId -> a
    androidx.arch.core.executor.DefaultTaskExecutor this$0 -> b
androidx.arch.core.executor.TaskExecutor -> a.c:
    void executeOnDiskIO(java.lang.Runnable) -> a
    boolean isMainThread() -> b
    void postToMainThread(java.lang.Runnable) -> c
androidx.arch.core.internal.FastSafeIterableMap -> b.a:
    java.util.HashMap mHashMap -> h
    androidx.arch.core.internal.SafeIterableMap$Entry get(java.lang.Object) -> c
    java.lang.Object remove(java.lang.Object) -> g
    java.util.Map$Entry ceil(java.lang.Object) -> h
    java.lang.Object putIfAbsent(java.lang.Object,java.lang.Object) -> i
androidx.arch.core.internal.SafeIterableMap -> b.b:
    androidx.arch.core.internal.SafeIterableMap$Entry mStart -> d
    androidx.arch.core.internal.SafeIterableMap$Entry mEnd -> e
    java.util.WeakHashMap mIterators -> f
    int mSize -> g
    java.util.Iterator descendingIterator() -> a
    java.util.Map$Entry eldest() -> b
    androidx.arch.core.internal.SafeIterableMap$Entry get(java.lang.Object) -> c
    androidx.arch.core.internal.SafeIterableMap$IteratorWithAdditions iteratorWithAdditions() -> d
    java.util.Map$Entry newest() -> e
    androidx.arch.core.internal.SafeIterableMap$Entry put(java.lang.Object,java.lang.Object) -> f
    java.lang.Object remove(java.lang.Object) -> g
androidx.arch.core.internal.SafeIterableMap$AscendingIterator -> b.b$a:
    androidx.arch.core.internal.SafeIterableMap$Entry backward(androidx.arch.core.internal.SafeIterableMap$Entry) -> b
    androidx.arch.core.internal.SafeIterableMap$Entry forward(androidx.arch.core.internal.SafeIterableMap$Entry) -> c