build/app/outputs/mapping/release/usage.txt
com.abw4v.random_app_flutter.random_app.BuildConfig
com.abw4v.random_app_flutter.random_app.R$attr
com.abw4v.random_app_flutter.random_app.R$color
com.abw4v.random_app_flutter.random_app.R$dimen
com.abw4v.random_app_flutter.random_app.R$drawable
com.abw4v.random_app_flutter.random_app.R$id
com.abw4v.random_app_flutter.random_app.R$integer
com.abw4v.random_app_flutter.random_app.R$layout
com.abw4v.random_app_flutter.random_app.R$menu
com.abw4v.random_app_flutter.random_app.R$mipmap
com.abw4v.random_app_flutter.random_app.R$string
com.abw4v.random_app_flutter.random_app.R$style
com.abw4v.random_app_flutter.random_app.R$styleable
com.abw4v.random_app_flutter.random_app.R$xml
com.abw4v.random_app_flutter.random_app.R
...
androidx.lifecycle.MediatorLiveData
androidx.lifecycle.MethodCallsLogger:
    public boolean approveCall(java.lang.String,int)
androidx.lifecycle.MutableLiveData
androidx.lifecycle.Observer:
    public abstract void onChanged(java.lang.Object)
androidx.lifecycle.ReportFragment$ActivityInitializationListener
androidx.lifecycle.ReportFragment$LifecycleCallbacks
androidx.lifecycle.ReportFragment
androidx.lifecycle.Transformations$1
androidx.lifecycle.Transformations$2$1
androidx.lifecycle.Transformations$2
androidx.lifecycle.Transformations
androidx.lifecycle.ViewModel
androidx.lifecycle.ViewModelProvider$AndroidViewModelFactory
androidx.lifecycle.ViewModelProvider$Factory
androidx.lifecycle.ViewModelProvider$KeyedFactory
androidx.lifecycle.ViewModelProvider$NewInstanceFactory
androidx.lifecycle.ViewModelProvider
androidx.lifecycle.ViewModelStore:
    private final java.util.HashMap mMap
    public void <init>()
    final androidx.lifecycle.ViewModel get(java.lang.String)
    java.util.Set keys()
    final void put(java.lang.String,androidx.lifecycle.ViewModel)
androidx.lifecycle.ViewModelStoreOwner
androidx.lifecycle.ViewTreeLifecycleOwner
androidx.lifecycle.livedata.R
androidx.lifecycle.livedata.core.R
androidx.lifecycle.runtime.R$id
androidx.lifecycle.runtime.R
androidx.lifecycle.viewmodel.R
androidx.loader.R$attr
androidx.loader.R$color
androidx.loader.R$dimen
androidx.loader.R$drawable
androidx.loader.R$id
androidx.loader.R$integer
androidx.loader.R$layout
androidx.loader.R$string
androidx.loader.R$style
androidx.loader.R$styleable
androidx.loader.R
androidx.loader.app.LoaderManager$LoaderCallbacks
androidx.loader.app.LoaderManager
androidx.loader.app.LoaderManagerImpl$LoaderInfo
androidx.loader.app.LoaderManagerImpl$LoaderObserver
androidx.loader.app.LoaderManagerImpl$LoaderViewModel$1
androidx.loader.app.LoaderManagerImpl$LoaderViewModel
androidx.loader.app.LoaderManagerImpl
androidx.loader.content.AsyncTaskLoader$LoadTask
androidx.loader.content.AsyncTaskLoader
androidx.loader.content.CursorLoader
androidx.loader.content.Loader$ForceLoadContentObserver
androidx.loader.content.Loader$OnLoadCanceledListener
androidx.loader.content.Loader$OnLoadCompleteListener
androidx.loader.content.Loader
androidx.loader.content.ModernAsyncTask$1
androidx.loader.content.ModernAsyncTask$2
androidx.loader.content.ModernAsyncTask$3
androidx.loader.content.ModernAsyncTask$4
androidx.loader.content.ModernAsyncTask$AsyncTaskResult
androidx.loader.content.ModernAsyncTask$InternalHandler
androidx.loader.content.ModernAsyncTask$Status
androidx.loader.content.ModernAsyncTask$WorkerRunnable
androidx.loader.content.ModernAsyncTask
androidx.savedstate.R
androidx.savedstate.Recreator$SavedStateProvider
androidx.savedstate.Recreator:
    static final java.lang.String CLASSES_KEY
    static final java.lang.String COMPONENT_KEY
    void <init>(androidx.savedstate.SavedStateRegistryOwner)
androidx.savedstate.SavedStateRegistry$1:
    void <init>(androidx.savedstate.SavedStateRegistry)
androidx.savedstate.SavedStateRegistry$SavedStateProvider
androidx.savedstate.SavedStateRegistry:
    private static final java.lang.String SAVED_COMPONENTS_KEY
    private androidx.arch.core.internal.SafeIterableMap mComponents
    private androidx.savedstate.Recreator$SavedStateProvider mRecreatorProvider
    private boolean mRestored
    private android.os.Bundle mRestoredState
    void <init>()
    public boolean isRestored()
    void performRestore(androidx.lifecycle.Lifecycle,android.os.Bundle)
    void performSave(android.os.Bundle)
    public void registerSavedStateProvider(java.lang.String,androidx.savedstate.SavedStateRegistry$SavedStateProvider)
    public void runOnNextRecreation(java.lang.Class)
    public void unregisterSavedStateProvider(java.lang.String)
androidx.savedstate.SavedStateRegistryController
androidx.tracing.R